<?xml version="1.0" encoding="utf-8"?><testsuites><testsuite name="pytest" errors="0" failures="0" skipped="1" tests="7" time="0.497" timestamp="2026-08-01T22:48:37.226795" hostname="LAPTOP-LTQ2MO4B"><testcase classname="ltl_automaton_planner_core.test.test_boolean_formulas" name="test_and_not_expression" time="0.001" /><testcase classname="ltl_automaton_planner_core.test.test_boolean_formulas" name="test_or_expression" time="0.001" /><testcase classname="ltl_automaton_planner_core.test.test_boolean_formulas" name="test_distance" time="0.001" /><testcase classname="ltl_automaton_planner_core.test.test_copyright" name="test_copyright" time="0.000"><skipped type="pytest.skip" message="No copyright header has been placed in the generated source file.">/home/yuhling/projects/ltl_automaton_core_ros2/ltl_automaton_planner_core/test/test_copyright.py:20: No copyright header has been placed in the generated source file.</skipped></testcase><testcase classname="ltl_automaton_planner_core.test.test_flake8" name="test_flake8" time="0.174" /><testcase classname="ltl_automaton_planner_core.test.test_pep257" name="test_pep257" time="0.042" /><testcase classname="ltl_automaton_planner_core.test.test_ts" name="test_ts_model_can_be_imported" time="0.000" /></testsuite></testsuites>